Reusing configuration cache.
> Task :composeApp:preBuild UP-TO-DATE
> Task :composeApp:preDebugBuild UP-TO-DATE
> Task :composeApp:convertXmlValueResourcesForAndroidDebug NO-SOURCE
> Task :composeApp:copyNonXmlValueResourcesForAndroidDebug NO-SOURCE
> Task :composeApp:processDebugGoogleServices UP-TO-DATE
> Task :composeApp:generateExpectResourceCollectorsForCommonMain UP-TO-DATE
> Task :composeApp:copyNonXmlValueResourcesForAndroidMain NO-SOURCE
> Task :composeApp:kmpPartiallyResolvedDependenciesChecker
> Task :composeApp:checkKotlinGradlePluginConfigurationErrors SKIPPED
> Task :composeApp:generateDebugResValues UP-TO-DATE
> Task :composeApp:createDebugCompatibleScreenManifests UP-TO-DATE
> Task :composeApp:generateComposeResClass UP-TO-DATE
> Task :composeApp:generateDebugResources UP-TO-DATE
> Task :composeApp:extractDeepLinksDebug UP-TO-DATE
> Task :composeApp:prepareComposeResourcesTaskForAndroidDebug NO-SOURCE
> Task :composeApp:convertXmlValueResourcesForAndroidMain NO-SOURCE
> Task :composeApp:generateResourceAccessorsForAndroidDebug NO-SOURCE
> Task :composeApp:prepareComposeResourcesTaskForAndroidMain NO-SOURCE
> Task :composeApp:convertXmlValueResourcesForCommonMain UP-TO-DATE
> Task :composeApp:generateResourceAccessorsForAndroidMain NO-SOURCE
> Task :composeApp:mapDebugSourceSetPaths UP-TO-DATE
> Task :composeApp:mergeDebugResources UP-TO-DATE
> Task :composeApp:checkDebugAarMetadata UP-TO-DATE
> Task :composeApp:copyNonXmlValueResourcesForCommonMain UP-TO-DATE
> Task :composeApp:prepareComposeResourcesTaskForCommonMain UP-TO-DATE
> Task :composeApp:generateResourceAccessorsForCommonMain UP-TO-DATE
> Task :composeApp:copyDebugComposeResourcesToAndroidAssets UP-TO-DATE
> Task :composeApp:generateActualResourceCollectorsForAndroidMain UP-TO-DATE
> Task :composeApp:packageDebugResources UP-TO-DATE
> Task :composeApp:parseDebugLocalResources UP-TO-DATE
> Task :composeApp:processDebugMainManifest UP-TO-DATE
> Task :composeApp:processDebugManifest UP-TO-DATE
> Task :composeApp:processDebugManifestForPackage UP-TO-DATE
> Task :composeApp:processDebugResources UP-TO-DATE

> Task :composeApp:compileDebugKotlinAndroid
w: file:///C:/Users/gkhna/AndroidStudioProjects/GLOBAL%20TRADE/composeApp/src/androidMain/kotlin/com/mgacreative/globaltrade/PlatformBar.android.kt:22:20 'var statusBarColor: Int' is deprecated. Deprecated in Java.
w: file:///C:/Users/gkhna/AndroidStudioProjects/GLOBAL%20TRADE/composeApp/src/androidMain/kotlin/com/mgacreative/globaltrade/PlatformBar.android.kt:23:20 'var navigationBarColor: Int' is deprecated. Deprecated in Java.
w: file:///C:/Users/gkhna/AndroidStudioProjects/GLOBAL%20TRADE/composeApp/src/androidMain/kotlin/com/mgacreative/globaltrade/core/pdf/PdfGenerator.android.kt:13:1 'expect'/'actual' classes (including interfaces, objects, annotations, enums, and 'actual' typealiases) are in Beta. Consider using the '-Xexpect-actual-classes' flag to suppress this warning. Also see: https://youtrack.jetbrains.com/issue/KT-61573
w: file:///C:/Users/gkhna/AndroidStudioProjects/GLOBAL%20TRADE/composeApp/src/androidMain/kotlin/com/mgacreative/globaltrade/core/pdf/util/FileSaver.android.kt:7:1 'expect'/'actual' classes (including interfaces, objects, annotations, enums, and 'actual' typealiases) are in Beta. Consider using the '-Xexpect-actual-classes' flag to suppress this warning. Also see: https://youtrack.jetbrains.com/issue/KT-61573
w: file:///C:/Users/gkhna/AndroidStudioProjects/GLOBAL%20TRADE/composeApp/src/androidMain/kotlin/com/mgacreative/globaltrade/core/util/ImageResizer.kt:10:1 'expect'/'actual' classes (including interfaces, objects, annotations, enums, and 'actual' typealiases) are in Beta. Consider using the '-Xexpect-actual-classes' flag to suppress this warning. Also see: https://youtrack.jetbrains.com/issue/KT-61573
w: file:///C:/Users/gkhna/AndroidStudioProjects/GLOBAL%20TRADE/composeApp/src/androidMain/kotlin/com/mgacreative/globaltrade/manager/NotificationPreferenceManager.kt:18:1 'expect'/'actual' classes (including interfaces, objects, annotations, enums, and 'actual' typealiases) are in Beta. Consider using the '-Xexpect-actual-classes' flag to suppress this warning. Also see: https://youtrack.jetbrains.com/issue/KT-61573
w: file:///C:/Users/gkhna/AndroidStudioProjects/GLOBAL%20TRADE/composeApp/src/commonMain/kotlin/com/mgacreative/globaltrade/App.kt:120:52 'fun centerAlignedTopAppBarColors(containerColor: Color = ..., scrolledContainerColor: Color = ..., navigationIconContentColor: Color = ..., titleContentColor: Color = ..., actionIconContentColor: Color = ...): TopAppBarColors' is deprecated. Use topAppBarColors instead.
w: file:///C:/Users/gkhna/AndroidStudioProjects/GLOBAL%20TRADE/composeApp/src/commonMain/kotlin/com/mgacreative/globaltrade/App.kt:129:56 'val Icons.Filled.ArrowBack: ImageVector' is deprecated. Use the AutoMirrored version at Icons.AutoMirrored.Filled.ArrowBack.
w: file:///C:/Users/gkhna/AndroidStudioProjects/GLOBAL%20TRADE/composeApp/src/commonMain/kotlin/com/mgacreative/globaltrade/core/domain/announcement/AnnouncementService.kt:55:37 'suspend fun update(vararg fieldsAndValues: Pair<String, Any?>): Unit' is deprecated. Deprecated. Use `updateFields` instead.
w: file:///C:/Users/gkhna/AndroidStudioProjects/GLOBAL%20TRADE/composeApp/src/commonMain/kotlin/com/mgacreative/globaltrade/core/domain/auth/RegistryService.kt:57:54 'suspend fun update(vararg fieldsAndValues: Pair<String, Any?>): Unit' is deprecated. Deprecated. Use `updateFields` instead.
w: file:///C:/Users/gkhna/AndroidStudioProjects/GLOBAL%20TRADE/composeApp/src/commonMain/kotlin/com/mgacreative/globaltrade/core/pdf/PdfGenerator.kt:6:1 'expect'/'actual' classes (including interfaces, objects, annotations, enums, and 'actual' typealiases) are in Beta. Consider using the '-Xexpect-actual-classes' flag to suppress this warning. Also see: https://youtrack.jetbrains.com/issue/KT-61573
w: file:///C:/Users/gkhna/AndroidStudioProjects/GLOBAL%20TRADE/composeApp/src/commonMain/kotlin/com/mgacreative/globaltrade/core/pdf/util/FileSaver.kt:3:1 'expect'/'actual' classes (including interfaces, objects, annotations, enums, and 'actual' typealiases) are in Beta. Consider using the '-Xexpect-actual-classes' flag to suppress this warning. Also see: https://youtrack.jetbrains.com/issue/KT-61573
w: file:///C:/Users/gkhna/AndroidStudioProjects/GLOBAL%20TRADE/composeApp/src/commonMain/kotlin/com/mgacreative/globaltrade/core/util/ImageResizer.kt:3:1 'expect'/'actual' classes (including interfaces, objects, annotations, enums, and 'actual' typealiases) are in Beta. Consider using the '-Xexpect-actual-classes' flag to suppress this warning. Also see: https://youtrack.jetbrains.com/issue/KT-61573
w: file:///C:/Users/gkhna/AndroidStudioProjects/GLOBAL%20TRADE/composeApp/src/commonMain/kotlin/com/mgacreative/globaltrade/manager/NotificationPreferenceManager.kt:8:1 'expect'/'actual' classes (including interfaces, objects, annotations, enums, and 'actual' typealiases) are in Beta. Consider using the '-Xexpect-actual-classes' flag to suppress this warning. Also see: https://youtrack.jetbrains.com/issue/KT-61573
w: file:///C:/Users/gkhna/AndroidStudioProjects/GLOBAL%20TRADE/composeApp/src/commonMain/kotlin/com/mgacreative/globaltrade/test/TestKamel.kt:9:5 'fun KamelImage(resource: Resource<Painter>, contentDescription: String?, modifier: Modifier = ..., alignment: Alignment = ..., contentScale: ContentScale = ..., alpha: Float = ..., colorFilter: ColorFilter? = ..., onLoading: ComposableFunction2<BoxScope, Float, Unit>? = ..., onFailure: ComposableFunction2<BoxScope, Throwable, Unit>? = ..., contentAlignment: Alignment = ..., animationSpec: FiniteAnimationSpec<Float>? = ...): Unit' is deprecated. Use KamelImage with `resource: @Composable (BoxWithConstraintsScope.() -> Resource<Painter>)` instead.
w: file:///C:/Users/gkhna/AndroidStudioProjects/GLOBAL%20TRADE/composeApp/src/commonMain/kotlin/com/mgacreative/globaltrade/ui/admin/AdminAnnouncementScreen.kt:74:44 'val Icons.Filled.ArrowBack: ImageVector' is deprecated. Use the AutoMirrored version at Icons.AutoMirrored.Filled.ArrowBack.
w: file:///C:/Users/gkhna/AndroidStudioProjects/GLOBAL%20TRADE/composeApp/src/commonMain/kotlin/com/mgacreative/globaltrade/ui/admin/AdminConsultantScreen.kt:54:44 'val Icons.Filled.ArrowBack: ImageVector' is deprecated. Use the AutoMirrored version at Icons.AutoMirrored.Filled.ArrowBack.
w: file:///C:/Users/gkhna/AndroidStudioProjects/GLOBAL%20TRADE/composeApp/src/commonMain/kotlin/com/mgacreative/globaltrade/ui/admin/AdminDashboardScreen.kt:118:44 'val Icons.Filled.Logout: ImageVector' is deprecated. Use the AutoMirrored version at Icons.AutoMirrored.Filled.Logout.
w: file:///C:/Users/gkhna/AndroidStudioProjects/GLOBAL%20TRADE/composeApp/src/commonMain/kotlin/com/mgacreative/globaltrade/ui/admin/AdminDashboardScreen.kt:224:21 'fun Divider(modifier: Modifier = ..., thickness: Dp = ..., color: Color = ...): Unit' is deprecated. Renamed to HorizontalDivider.
w: file:///C:/Users/gkhna/AndroidStudioProjects/GLOBAL%20TRADE/composeApp/src/commonMain/kotlin/com/mgacreative/globaltrade/ui/admin/AdminDashboardScreen.kt:226:21 'fun Divider(modifier: Modifier = ..., thickness: Dp = ..., color: Color = ...): Unit' is deprecated. Renamed to HorizontalDivider.
w: file:///C:/Users/gkhna/AndroidStudioProjects/GLOBAL%20TRADE/composeApp/src/commonMain/kotlin/com/mgacreative/globaltrade/ui/admin/AdminSectorsScreen.kt:59:76 'val Icons.Filled.ArrowBack: ImageVector' is deprecated. Use the AutoMirrored version at Icons.AutoMirrored.Filled.ArrowBack.
w: file:///C:/Users/gkhna/AndroidStudioProjects/GLOBAL%20TRADE/composeApp/src/commonMain/kotlin/com/mgacreative/globaltrade/ui/admin/AuditLogScreen.kt:126:76 'val Icons.Filled.ArrowBack: ImageVector' is deprecated. Use the AutoMirrored version at Icons.AutoMirrored.Filled.ArrowBack.
w: file:///C:/Users/gkhna/AndroidStudioProjects/GLOBAL%20TRADE/composeApp/src/commonMain/kotlin/com/mgacreative/globaltrade/ui/admin/UserManagementScreen.kt:67:76 'val Icons.Filled.ArrowBack: ImageVector' is deprecated. Use the AutoMirrored version at Icons.AutoMirrored.Filled.ArrowBack.
w: file:///C:/Users/gkhna/AndroidStudioProjects/GLOBAL%20TRADE/composeApp/src/commonMain/kotlin/com/mgacreative/globaltrade/ui/admin/UserManagementScreen.kt:106:83 'suspend fun update(vararg fieldsAndValues: Pair<String, Any?>): Unit' is deprecated. Deprecated. Use `updateFields` instead.
w: file:///C:/Users/gkhna/AndroidStudioProjects/GLOBAL%20TRADE/composeApp/src/commonMain/kotlin/com/mgacreative/globaltrade/ui/admin/UserManagementScreen.kt:208:17 'fun Divider(modifier: Modifier = ..., thickness: Dp = ..., color: Color = ...): Unit' is deprecated. Renamed to HorizontalDivider.
w: file:///C:/Users/gkhna/AndroidStudioProjects/GLOBAL%20TRADE/composeApp/src/commonMain/kotlin/com/mgacreative/globaltrade/ui/b2b/B2BMatchScreen.kt:151:36 'val Icons.Filled.ExitToApp: ImageVector' is deprecated. Use the AutoMirrored version at Icons.AutoMirrored.Filled.ExitToApp.
w: file:///C:/Users/gkhna/AndroidStudioProjects/GLOBAL%20TRADE/composeApp/src/commonMain/kotlin/com/mgacreative/globaltrade/ui/b2b/CompanyProfileScreen.kt:61:44 'val Icons.Filled.ArrowBack: ImageVector' is deprecated. Use the AutoMirrored version at Icons.AutoMirrored.Filled.ArrowBack.
w: file:///C:/Users/gkhna/AndroidStudioProjects/GLOBAL%20TRADE/composeApp/src/commonMain/kotlin/com/mgacreative/globaltrade/ui/b2b/CompanyProfileScreen.kt:112:73 Unnecessary non-null assertion (!!) on a non-null receiver of type 'String'.
w: file:///C:/Users/gkhna/AndroidStudioProjects/GLOBAL%20TRADE/composeApp/src/commonMain/kotlin/com/mgacreative/globaltrade/ui/b2b/CompanyProfileScreen.kt:113:59 Unnecessary non-null assertion (!!) on a non-null receiver of type 'String'.
w: file:///C:/Users/gkhna/AndroidStudioProjects/GLOBAL%20TRADE/composeApp/src/commonMain/kotlin/com/mgacreative/globaltrade/ui/b2b/CompanyProfileScreen.kt:131:37 'fun KamelImage(resource: Resource<Painter>, contentDescription: String?, modifier: Modifier = ..., alignment: Alignment = ..., contentScale: ContentScale = ..., alpha: Float = ..., colorFilter: ColorFilter? = ..., onLoading: ComposableFunction2<BoxScope, Float, Unit>? = ..., onFailure: ComposableFunction2<BoxScope, Throwable, Unit>? = ..., contentAlignment: Alignment = ..., animationSpec: FiniteAnimationSpec<Float>? = ...): Unit' is deprecated. Use KamelImage with `resource: @Composable (BoxWithConstraintsScope.() -> Resource<Painter>)` instead.
w: file:///C:/Users/gkhna/AndroidStudioProjects/GLOBAL%20TRADE/composeApp/src/commonMain/kotlin/com/mgacreative/globaltrade/ui/b2b/CompanyProfileScreen.kt:237:48 'val Icons.Filled.Message: ImageVector' is deprecated. Use the AutoMirrored version at Icons.AutoMirrored.Filled.Message.
w: file:///C:/Users/gkhna/AndroidStudioProjects/GLOBAL%20TRADE/composeApp/src/commonMain/kotlin/com/mgacreative/globaltrade/ui/components/MarketplaceProductCard.kt:59:53 'val Icons.Filled.OpenInNew: ImageVector' is deprecated. Use the AutoMirrored version at Icons.AutoMirrored.Filled.OpenInNew.
w: file:///C:/Users/gkhna/AndroidStudioProjects/GLOBAL%20TRADE/composeApp/src/commonMain/kotlin/com/mgacreative/globaltrade/ui/components/MarketplaceProductCard.kt:118:53 'val Icons.Filled.OpenInNew: ImageVector' is deprecated. Use the AutoMirrored version at Icons.AutoMirrored.Filled.OpenInNew.
w: file:///C:/Users/gkhna/AndroidStudioProjects/GLOBAL%20TRADE/composeApp/src/commonMain/kotlin/com/mgacreative/globaltrade/ui/components/MatchCard.kt:92:51 'val Icons.Filled.TrendingUp: ImageVector' is deprecated. Use the AutoMirrored version at Icons.AutoMirrored.Filled.TrendingUp.
w: file:///C:/Users/gkhna/AndroidStudioProjects/GLOBAL%20TRADE/composeApp/src/commonMain/kotlin/com/mgacreative/globaltrade/ui/components/ProductCard.kt:69:25 'fun KamelImage(resource: Resource<Painter>, contentDescription: String?, modifier: Modifier = ..., alignment: Alignment = ..., contentScale: ContentScale = ..., alpha: Float = ..., colorFilter: ColorFilter? = ..., onLoading: ComposableFunction2<BoxScope, Float, Unit>? = ..., onFailure: ComposableFunction2<BoxScope, Throwable, Unit>? = ..., contentAlignment: Alignment = ..., animationSpec: FiniteAnimationSpec<Float>? = ...): Unit' is deprecated. Use KamelImage with `resource: @Composable (BoxWithConstraintsScope.() -> Resource<Painter>)` instead.
w: file:///C:/Users/gkhna/AndroidStudioProjects/GLOBAL%20TRADE/composeApp/src/commonMain/kotlin/com/mgacreative/globaltrade/ui/consultancy/ConsultantScreen.kt:48:44 'val Icons.Filled.ArrowBack: ImageVector' is deprecated. Use the AutoMirrored version at Icons.AutoMirrored.Filled.ArrowBack.
w: file:///C:/Users/gkhna/AndroidStudioProjects/GLOBAL%20TRADE/composeApp/src/commonMain/kotlin/com/mgacreative/globaltrade/ui/consultancy/ConsultantScreen.kt:153:40 'val Icons.Filled.Message: ImageVector' is deprecated. Use the AutoMirrored version at Icons.AutoMirrored.Filled.Message.
w: file:///C:/Users/gkhna/AndroidStudioProjects/GLOBAL%20TRADE/composeApp/src/commonMain/kotlin/com/mgacreative/globaltrade/ui/education/CertificateScreen.kt:56:44 'val Icons.Filled.ArrowBack: ImageVector' is deprecated. Use the AutoMirrored version at Icons.AutoMirrored.Filled.ArrowBack.
w: file:///C:/Users/gkhna/AndroidStudioProjects/GLOBAL%20TRADE/composeApp/src/commonMain/kotlin/com/mgacreative/globaltrade/ui/education/EducationDetailScreen.kt:80:44 'val Icons.Filled.Assignment: ImageVector' is deprecated. Use the AutoMirrored version at Icons.AutoMirrored.Filled.Assignment.
w: file:///C:/Users/gkhna/AndroidStudioProjects/GLOBAL%20TRADE/composeApp/src/commonMain/kotlin/com/mgacreative/globaltrade/ui/home/MainHomeScreen.kt:604:29 'fun KamelImage(resource: Resource<Painter>, contentDescription: String?, modifier: Modifier = ..., alignment: Alignment = ..., contentScale: ContentScale = ..., alpha: Float = ..., colorFilter: ColorFilter? = ..., onLoading: ComposableFunction2<BoxScope, Float, Unit>? = ..., onFailure: ComposableFunction2<BoxScope, Throwable, Unit>? = ..., contentAlignment: Alignment = ..., animationSpec: FiniteAnimationSpec<Float>? = ...): Unit' is deprecated. Use KamelImage with `resource: @Composable (BoxWithConstraintsScope.() -> Resource<Painter>)` instead.
w: file:///C:/Users/gkhna/AndroidStudioProjects/GLOBAL%20TRADE/composeApp/src/commonMain/kotlin/com/mgacreative/globaltrade/ui/marketplace/MarketplaceScreen.kt:155:36 'val Icons.Filled.ExitToApp: ImageVector' is deprecated. Use the AutoMirrored version at Icons.AutoMirrored.Filled.ExitToApp.
w: file:///C:/Users/gkhna/AndroidStudioProjects/GLOBAL%20TRADE/composeApp/src/commonMain/kotlin/com/mgacreative/globaltrade/ui/meeting/CompanyMeetingScreen.kt:77:44 'val Icons.Filled.ArrowBack: ImageVector' is deprecated. Use the AutoMirrored version at Icons.AutoMirrored.Filled.ArrowBack.
w: file:///C:/Users/gkhna/AndroidStudioProjects/GLOBAL%20TRADE/composeApp/src/commonMain/kotlin/com/mgacreative/globaltrade/ui/meeting/CompanyMeetingScreen.kt:224:44 'val Icons.Filled.Message: ImageVector' is deprecated. Use the AutoMirrored version at Icons.AutoMirrored.Filled.Message.
w: file:///C:/Users/gkhna/AndroidStudioProjects/GLOBAL%20TRADE/composeApp/src/commonMain/kotlin/com/mgacreative/globaltrade/ui/navigation/Screen.kt:17:75 'val Icons.Filled.Login: ImageVector' is deprecated. Use the AutoMirrored version at Icons.AutoMirrored.Filled.Login.
w: file:///C:/Users/gkhna/AndroidStudioProjects/GLOBAL%20TRADE/composeApp/src/commonMain/kotlin/com/mgacreative/globaltrade/ui/navigation/Screen.kt:31:85 'val Icons.Filled.Help: ImageVector' is deprecated. Use the AutoMirrored version at Icons.AutoMirrored.Filled.Help.
w: file:///C:/Users/gkhna/AndroidStudioProjects/GLOBAL%20TRADE/composeApp/src/commonMain/kotlin/com/mgacreative/globaltrade/ui/navigation/Screen.kt:35:91 'val Icons.Filled.Article: ImageVector' is deprecated. Use the AutoMirrored version at Icons.AutoMirrored.Filled.Article.
w: file:///C:/Users/gkhna/AndroidStudioProjects/GLOBAL%20TRADE/composeApp/src/commonMain/kotlin/com/mgacreative/globaltrade/ui/news/EconomicNewsScreen.kt:124:44 'val Icons.Filled.ArrowBack: ImageVector' is deprecated. Use the AutoMirrored version at Icons.AutoMirrored.Filled.ArrowBack.
w: file:///C:/Users/gkhna/AndroidStudioProjects/GLOBAL%20TRADE/composeApp/src/commonMain/kotlin/com/mgacreative/globaltrade/ui/news/EconomicNewsScreen.kt:127:44 'fun centerAlignedTopAppBarColors(containerColor: Color = ..., scrolledContainerColor: Color = ..., navigationIconContentColor: Color = ..., titleContentColor: Color = ..., actionIconContentColor: Color = ...): TopAppBarColors' is deprecated. Use topAppBarColors instead.
w: file:///C:/Users/gkhna/AndroidStudioProjects/GLOBAL%20TRADE/composeApp/src/commonMain/kotlin/com/mgacreative/globaltrade/ui/news/EconomicNewsScreen.kt:165:47 'val Icons.Filled.Article: ImageVector' is deprecated. Use the AutoMirrored version at Icons.AutoMirrored.Filled.Article.
w: file:///C:/Users/gkhna/AndroidStudioProjects/GLOBAL%20TRADE/composeApp/src/commonMain/kotlin/com/mgacreative/globaltrade/ui/news/NewsDetailScreen.kt:48:44 'val Icons.Filled.ArrowBack: ImageVector' is deprecated. Use the AutoMirrored version at Icons.AutoMirrored.Filled.ArrowBack.
w: file:///C:/Users/gkhna/AndroidStudioProjects/GLOBAL%20TRADE/composeApp/src/commonMain/kotlin/com/mgacreative/globaltrade/ui/news/NewsDetailScreen.kt:89:21 'fun KamelImage(resource: Resource<Painter>, contentDescription: String?, modifier: Modifier = ..., alignment: Alignment = ..., contentScale: ContentScale = ..., alpha: Float = ..., colorFilter: ColorFilter? = ..., onLoading: ComposableFunction2<BoxScope, Float, Unit>? = ..., onFailure: ComposableFunction2<BoxScope, Throwable, Unit>? = ..., contentAlignment: Alignment = ..., animationSpec: FiniteAnimationSpec<Float>? = ...): Unit' is deprecated. Use KamelImage with `resource: @Composable (BoxWithConstraintsScope.() -> Resource<Painter>)` instead.
w: file:///C:/Users/gkhna/AndroidStudioProjects/GLOBAL%20TRADE/composeApp/src/commonMain/kotlin/com/mgacreative/globaltrade/ui/screens/CompanySettingsScreen.kt:178:37 'fun KamelImage(resource: Resource<Painter>, contentDescription: String?, modifier: Modifier = ..., alignment: Alignment = ..., contentScale: ContentScale = ..., alpha: Float = ..., colorFilter: ColorFilter? = ..., onLoading: ComposableFunction2<BoxScope, Float, Unit>? = ..., onFailure: ComposableFunction2<BoxScope, Throwable, Unit>? = ..., contentAlignment: Alignment = ..., animationSpec: FiniteAnimationSpec<Float>? = ...): Unit' is deprecated. Use KamelImage with `resource: @Composable (BoxWithConstraintsScope.() -> Resource<Painter>)` instead.
w: file:///C:/Users/gkhna/AndroidStudioProjects/GLOBAL%20TRADE/composeApp/src/commonMain/kotlin/com/mgacreative/globaltrade/ui/screens/HelpCenterScreen.kt:101:39 'val Icons.Filled.HelpOutline: ImageVector' is deprecated. Use the AutoMirrored version at Icons.AutoMirrored.Filled.HelpOutline.
w: file:///C:/Users/gkhna/AndroidStudioProjects/GLOBAL%20TRADE/composeApp/src/commonMain/kotlin/com/mgacreative/globaltrade/ui/screens/HelpCenterScreen.kt:174:21 'fun Divider(modifier: Modifier = ..., thickness: Dp = ..., color: Color = ...): Unit' is deprecated. Renamed to HorizontalDivider.
w: file:///C:/Users/gkhna/AndroidStudioProjects/GLOBAL%20TRADE/composeApp/src/commonMain/kotlin/com/mgacreative/globaltrade/ui/screens/ProductManagementScreen.kt:125:44 'fun centerAlignedTopAppBarColors(containerColor: Color = ..., scrolledContainerColor: Color = ..., navigationIconContentColor: Color = ..., titleContentColor: Color = ..., actionIconContentColor: Color = ...): TopAppBarColors' is deprecated. Use topAppBarColors instead.
w: file:///C:/Users/gkhna/AndroidStudioProjects/GLOBAL%20TRADE/composeApp/src/commonMain/kotlin/com/mgacreative/globaltrade/ui/screens/ProductManagementScreen.kt:173:37 'fun KamelImage(resource: Resource<Painter>, contentDescription: String?, modifier: Modifier = ..., alignment: Alignment = ..., contentScale: ContentScale = ..., alpha: Float = ..., colorFilter: ColorFilter? = ..., onLoading: ComposableFunction2<BoxScope, Float, Unit>? = ..., onFailure: ComposableFunction2<BoxScope, Throwable, Unit>? = ..., contentAlignment: Alignment = ..., animationSpec: FiniteAnimationSpec<Float>? = ...): Unit' is deprecated. Use KamelImage with `resource: @Composable (BoxWithConstraintsScope.() -> Resource<Painter>)` instead.
w: file:///C:/Users/gkhna/AndroidStudioProjects/GLOBAL%20TRADE/composeApp/src/commonMain/kotlin/com/mgacreative/globaltrade/ui/screens/ProfileScreen.kt:168:97 'val Icons.Filled.Help: ImageVector' is deprecated. Use the AutoMirrored version at Icons.AutoMirrored.Filled.Help.
w: file:///C:/Users/gkhna/AndroidStudioProjects/GLOBAL%20TRADE/composeApp/src/commonMain/kotlin/com/mgacreative/globaltrade/ui/screens/ProfileScreen.kt:191:40 'val Icons.Filled.Logout: ImageVector' is deprecated. Use the AutoMirrored version at Icons.AutoMirrored.Filled.Logout.
w: file:///C:/Users/gkhna/AndroidStudioProjects/GLOBAL%20TRADE/composeApp/src/commonMain/kotlin/com/mgacreative/globaltrade/ui/screens/ProfileScreen.kt:229:64 Unnecessary non-null assertion (!!) on a non-null receiver of type 'String'.
w: file:///C:/Users/gkhna/AndroidStudioProjects/GLOBAL%20TRADE/composeApp/src/commonMain/kotlin/com/mgacreative/globaltrade/ui/screens/ProfileScreen.kt:230:46 Unnecessary non-null assertion (!!) on a non-null receiver of type 'String'.
w: file:///C:/Users/gkhna/AndroidStudioProjects/GLOBAL%20TRADE/composeApp/src/commonMain/kotlin/com/mgacreative/globaltrade/ui/screens/ProfileScreen.kt:248:21 'fun KamelImage(resource: Resource<Painter>, contentDescription: String?, modifier: Modifier = ..., alignment: Alignment = ..., contentScale: ContentScale = ..., alpha: Float = ..., colorFilter: ColorFilter? = ..., onLoading: ComposableFunction2<BoxScope, Float, Unit>? = ..., onFailure: ComposableFunction2<BoxScope, Throwable, Unit>? = ..., contentAlignment: Alignment = ..., animationSpec: FiniteAnimationSpec<Float>? = ...): Unit' is deprecated. Use KamelImage with `resource: @Composable (BoxWithConstraintsScope.() -> Resource<Painter>)` instead.
w: file:///C:/Users/gkhna/AndroidStudioProjects/GLOBAL%20TRADE/composeApp/src/commonMain/kotlin/com/mgacreative/globaltrade/ui/screens/ProfileScreen.kt:323:45 'val Icons.Filled.KeyboardArrowRight: ImageVector' is deprecated. Use the AutoMirrored version at Icons.AutoMirrored.Filled.KeyboardArrowRight.
w: file:///C:/Users/gkhna/AndroidStudioProjects/GLOBAL%20TRADE/composeApp/src/commonMain/kotlin/com/mgacreative/globaltrade/ui/settings/LanguageSettingsScreen.kt:68:44 'val Icons.Filled.ArrowBack: ImageVector' is deprecated. Use the AutoMirrored version at Icons.AutoMirrored.Filled.ArrowBack.
w: file:///C:/Users/gkhna/AndroidStudioProjects/GLOBAL%20TRADE/composeApp/src/commonMain/kotlin/com/mgacreative/globaltrade/ui/showroom/MainDigitalShowroomScreen.kt:108:48 'fun centerAlignedTopAppBarColors(containerColor: Color = ..., scrolledContainerColor: Color = ..., navigationIconContentColor: Color = ..., titleContentColor: Color = ..., actionIconContentColor: Color = ...): TopAppBarColors' is deprecated. Use topAppBarColors instead.
w: file:///C:/Users/gkhna/AndroidStudioProjects/GLOBAL%20TRADE/composeApp/src/commonMain/kotlin/com/mgacreative/globaltrade/ui/showroom/ShowroomScreen.kt:115:44 'fun centerAlignedTopAppBarColors(containerColor: Color = ..., scrolledContainerColor: Color = ..., navigationIconContentColor: Color = ..., titleContentColor: Color = ..., actionIconContentColor: Color = ...): TopAppBarColors' is deprecated. Use topAppBarColors instead.
w: file:///C:/Users/gkhna/AndroidStudioProjects/GLOBAL%20TRADE/composeApp/src/commonMain/kotlin/com/mgacreative/globaltrade/ui/showroom/ShowroomScreen.kt:248:44 'fun KamelImage(resource: Resource<Painter>, contentDescription: String?, modifier: Modifier = ..., alignment: Alignment = ..., contentScale: ContentScale = ..., alpha: Float = ..., colorFilter: ColorFilter? = ..., onLoading: ComposableFunction2<BoxScope, Float, Unit>? = ..., onFailure: ComposableFunction2<BoxScope, Throwable, Unit>? = ..., contentAlignment: Alignment = ..., animationSpec: FiniteAnimationSpec<Float>? = ...): Unit' is deprecated. Use KamelImage with `resource: @Composable (BoxWithConstraintsScope.() -> Resource<Painter>)` instead.

BUILD SUCCESSFUL in 13s
24 actionable tasks: 2 executed, 22 up-to-date
Configuration cache entry reused.
