Reusing configuration cache.
> Task :composeApp:convertXmlValueResourcesForAndroidDebug NO-SOURCE
> Task :composeApp:preBuild UP-TO-DATE
> Task :composeApp:preDebugBuild UP-TO-DATE
> Task :composeApp:copyNonXmlValueResourcesForAndroidDebug NO-SOURCE
> Task :composeApp:copyNonXmlValueResourcesForAndroidMain NO-SOURCE
> Task :composeApp:kmpPartiallyResolvedDependenciesChecker
> Task :composeApp:convertXmlValueResourcesForAndroidMain NO-SOURCE
> Task :composeApp:checkKotlinGradlePluginConfigurationErrors SKIPPED
> Task :composeApp:processDebugGoogleServices UP-TO-DATE
> Task :composeApp:generateExpectResourceCollectorsForCommonMain UP-TO-DATE
> Task :composeApp:generateComposeResClass UP-TO-DATE
> Task :composeApp:createDebugCompatibleScreenManifests UP-TO-DATE
> Task :composeApp:generateDebugResValues UP-TO-DATE
> Task :composeApp:prepareComposeResourcesTaskForAndroidDebug NO-SOURCE
> Task :composeApp:generateDebugResources UP-TO-DATE
> Task :composeApp:generateResourceAccessorsForAndroidDebug NO-SOURCE
> Task :composeApp:extractDeepLinksDebug UP-TO-DATE
> Task :composeApp:prepareComposeResourcesTaskForAndroidMain NO-SOURCE
> Task :composeApp:generateResourceAccessorsForAndroidMain NO-SOURCE
> Task :composeApp:convertXmlValueResourcesForCommonMain UP-TO-DATE
> Task :composeApp:mapDebugSourceSetPaths UP-TO-DATE
> Task :composeApp:checkDebugAarMetadata UP-TO-DATE
> Task :composeApp:mergeDebugResources UP-TO-DATE
> Task :composeApp:copyNonXmlValueResourcesForCommonMain UP-TO-DATE
> Task :composeApp:prepareComposeResourcesTaskForCommonMain UP-TO-DATE
> Task :composeApp:generateResourceAccessorsForCommonMain UP-TO-DATE
> Task :composeApp:copyDebugComposeResourcesToAndroidAssets UP-TO-DATE
> Task :composeApp:generateActualResourceCollectorsForAndroidMain UP-TO-DATE
> Task :composeApp:processDebugMainManifest UP-TO-DATE
> Task :composeApp:packageDebugResources UP-TO-DATE
> Task :composeApp:processDebugManifest UP-TO-DATE
> Task :composeApp:processDebugManifestForPackage UP-TO-DATE
> Task :composeApp:parseDebugLocalResources UP-TO-DATE
> Task :composeApp:processDebugResources UP-TO-DATE

> Task :composeApp:compileDebugKotlinAndroid FAILED
e: file:///C:/Users/gkhna/AndroidStudioProjects/GLOBAL%20TRADE/composeApp/src/commonMain/kotlin/com/mgacreative/globaltrade/ui/admin/AdminHelpCenterScreen.kt:41:9 Unresolved reference 'isLoading'.
e: file:///C:/Users/gkhna/AndroidStudioProjects/GLOBAL%20TRADE/composeApp/src/commonMain/kotlin/com/mgacreative/globaltrade/ui/admin/AdminHelpCenterScreen.kt:86:13 Unresolved reference 'isLoading'.
e: file:///C:/Users/gkhna/AndroidStudioProjects/GLOBAL%20TRADE/composeApp/src/commonMain/kotlin/com/mgacreative/globaltrade/ui/screens/HelpCenterScreen.kt:48:9 Unresolved reference 'isLoading'.
e: file:///C:/Users/gkhna/AndroidStudioProjects/GLOBAL%20TRADE/composeApp/src/commonMain/kotlin/com/mgacreative/globaltrade/ui/screens/HelpCenterScreen.kt:71:13 Unresolved reference 'isLoading'.

FAILURE: Build failed with an exception.

* What went wrong:
Execution failed for task ':composeApp:compileDebugKotlinAndroid'.
> A failure occurred while executing org.jetbrains.kotlin.compilerRunner.GradleCompilerRunnerWithWorkers$GradleKotlinCompilerWorkAction
   > Compilation error. See log for more details

* Try:
> Run with --stacktrace option to get the stack trace.
> Run with --info or --debug option to get more log output.
> Run with --scan to get full insights.
> Get more help at https://help.gradle.org.

BUILD FAILED in 5s
24 actionable tasks: 2 executed, 22 up-to-date
Configuration cache entry reused.
