Reusing configuration cache.
> Task :composeApp:preBuild UP-TO-DATE
> Task :composeApp:debugAssetsCopyForAGP NO-SOURCE
> Task :composeApp:kmpPartiallyResolvedDependenciesChecker
> Task :composeApp:convertXmlValueResourcesForAndroidDebug NO-SOURCE
> Task :composeApp:preDebugBuild UP-TO-DATE
> Task :composeApp:generateComposeResClass UP-TO-DATE
> Task :composeApp:checkKotlinGradlePluginConfigurationErrors SKIPPED
> Task :composeApp:convertXmlValueResourcesForAndroidMain NO-SOURCE
> Task :composeApp:generateExpectResourceCollectorsForCommonMain UP-TO-DATE
> Task :composeApp:processDebugGoogleServices UP-TO-DATE
> Task :composeApp:copyNonXmlValueResourcesForAndroidDebug NO-SOURCE
> Task :composeApp:mergeDebugNativeDebugMetadata NO-SOURCE
> Task :composeApp:generateDebugResValues UP-TO-DATE
> Task :composeApp:createDebugCompatibleScreenManifests UP-TO-DATE
> Task :composeApp:copyNonXmlValueResourcesForAndroidMain NO-SOURCE
> Task :composeApp:prepareComposeResourcesTaskForAndroidDebug NO-SOURCE
> Task :composeApp:mergeDebugJniLibFolders UP-TO-DATE
> Task :composeApp:writeDebugAppMetadata UP-TO-DATE
> Task :composeApp:desugarDebugFileDependencies UP-TO-DATE
> Task :composeApp:validateSigningDebug UP-TO-DATE
> Task :composeApp:javaPreCompileDebug UP-TO-DATE
> Task :composeApp:generateResourceAccessorsForAndroidDebug NO-SOURCE
> Task :composeApp:writeDebugSigningConfigVersions UP-TO-DATE
> Task :composeApp:extractDeepLinksDebug UP-TO-DATE
> Task :composeApp:prepareComposeResourcesTaskForAndroidMain NO-SOURCE
> Task :composeApp:generateDebugResources UP-TO-DATE
> Task :composeApp:mergeDebugShaders UP-TO-DATE
> Task :composeApp:compileDebugShaders NO-SOURCE
> Task :composeApp:convertXmlValueResourcesForCommonMain UP-TO-DATE
> Task :composeApp:generateResourceAccessorsForAndroidMain NO-SOURCE
> Task :composeApp:generateDebugAssets UP-TO-DATE
> Task :composeApp:checkDebugAarMetadata UP-TO-DATE
> Task :composeApp:mapDebugSourceSetPaths UP-TO-DATE
> Task :composeApp:copyNonXmlValueResourcesForCommonMain UP-TO-DATE
> Task :composeApp:mergeDebugResources UP-TO-DATE
> Task :composeApp:checkDebugDuplicateClasses UP-TO-DATE
> Task :composeApp:mergeDebugNativeLibs UP-TO-DATE
> Task :composeApp:prepareComposeResourcesTaskForCommonMain UP-TO-DATE
> Task :composeApp:generateResourceAccessorsForCommonMain UP-TO-DATE
> Task :composeApp:mergeLibDexDebug UP-TO-DATE
> Task :composeApp:generateActualResourceCollectorsForAndroidMain UP-TO-DATE
> Task :composeApp:stripDebugDebugSymbols UP-TO-DATE
> Task :composeApp:copyDebugComposeResourcesToAndroidAssets UP-TO-DATE
> Task :composeApp:processDebugMainManifest UP-TO-DATE
> Task :composeApp:packageDebugResources UP-TO-DATE
> Task :composeApp:processDebugManifest UP-TO-DATE
> Task :composeApp:parseDebugLocalResources UP-TO-DATE
> Task :composeApp:processDebugManifestForPackage UP-TO-DATE
> Task :composeApp:mergeDebugAssets UP-TO-DATE
> Task :composeApp:compressDebugAssets UP-TO-DATE
> Task :composeApp:mergeExtDexDebug UP-TO-DATE
> Task :composeApp:processDebugResources UP-TO-DATE

> Task :composeApp:compileDebugKotlinAndroid FAILED
e: file:///C:/Users/gkhna/AndroidStudioProjects/ITSOHUB/composeApp/src/commonMain/kotlin/com/mgacreative/itsohub/App.kt:19:2 Unresolved reference 'Preview'.
e: file:///C:/Users/gkhna/AndroidStudioProjects/ITSOHUB/composeApp/src/commonMain/kotlin/com/mgacreative/itsohub/ui/marketplace/MarketplaceConnectScreen.kt:248:29 Try catch is not supported around composable function invocations.
e: file:///C:/Users/gkhna/AndroidStudioProjects/ITSOHUB/composeApp/src/commonMain/kotlin/com/mgacreative/itsohub/ui/marketplace/MarketplaceConnectScreen.kt:263:47 @Composable invocations can only happen from the context of a @Composable function
e: file:///C:/Users/gkhna/AndroidStudioProjects/ITSOHUB/composeApp/src/commonMain/kotlin/com/mgacreative/itsohub/ui/marketplace/MarketplaceConnectScreen.kt:271:47 @Composable invocations can only happen from the context of a @Composable function
e: file:///C:/Users/gkhna/AndroidStudioProjects/ITSOHUB/composeApp/src/commonMain/kotlin/com/mgacreative/itsohub/ui/marketplace/MarketplaceScreen.kt:102:47 @Composable invocations can only happen from the context of a @Composable function
e: file:///C:/Users/gkhna/AndroidStudioProjects/ITSOHUB/composeApp/src/commonMain/kotlin/com/mgacreative/itsohub/ui/marketplace/MarketplaceScreen.kt:265:51 @Composable invocations can only happen from the context of a @Composable function

FAILURE: Build failed with an exception.

* What went wrong:
Execution failed for task ':composeApp:compileDebugKotlinAndroid'.
> A failure occurred while executing org.jetbrains.kotlin.compilerRunner.GradleCompilerRunnerWithWorkers$GradleKotlinCompilerWorkAction
   > Compilation error. See log for more details

* Try:
> Run with --stacktrace option to get the stack trace.
> Run with --info or --debug option to get more log output.
> Run with --scan to get full insights.
> Get more help at https://help.gradle.org.

BUILD FAILED in 1s
38 actionable tasks: 2 executed, 36 up-to-date
Configuration cache entry reused.
