Reusing configuration cache.
> Task :composeApp:convertXmlValueResourcesForAndroidDebug NO-SOURCE
> Task :composeApp:preBuild UP-TO-DATE
> Task :composeApp:preDebugBuild UP-TO-DATE
> Task :composeApp:copyNonXmlValueResourcesForAndroidDebug NO-SOURCE
> Task :composeApp:prepareComposeResourcesTaskForAndroidDebug NO-SOURCE
> Task :composeApp:processDebugGoogleServices UP-TO-DATE
> Task :composeApp:generateExpectResourceCollectorsForCommonMain UP-TO-DATE
> Task :composeApp:generateDebugResValues UP-TO-DATE
> Task :composeApp:copyNonXmlValueResourcesForAndroidMain NO-SOURCE
> Task :composeApp:generateComposeResClass UP-TO-DATE
> Task :composeApp:kmpPartiallyResolvedDependenciesChecker
> Task :composeApp:checkKotlinGradlePluginConfigurationErrors SKIPPED
> Task :composeApp:convertXmlValueResourcesForAndroidMain NO-SOURCE
> Task :composeApp:createDebugCompatibleScreenManifests UP-TO-DATE
> Task :composeApp:extractDeepLinksDebug UP-TO-DATE
> Task :composeApp:generateDebugResources UP-TO-DATE
> Task :composeApp:prepareComposeResourcesTaskForAndroidMain NO-SOURCE
> Task :composeApp:generateResourceAccessorsForAndroidDebug NO-SOURCE
> Task :composeApp:convertXmlValueResourcesForCommonMain UP-TO-DATE
> Task :composeApp:generateResourceAccessorsForAndroidMain NO-SOURCE
> Task :composeApp:mapDebugSourceSetPaths UP-TO-DATE
> Task :composeApp:mergeDebugResources UP-TO-DATE
> Task :composeApp:checkDebugAarMetadata UP-TO-DATE
> Task :composeApp:copyNonXmlValueResourcesForCommonMain UP-TO-DATE
> Task :composeApp:prepareComposeResourcesTaskForCommonMain UP-TO-DATE
> Task :composeApp:generateResourceAccessorsForCommonMain UP-TO-DATE
> Task :composeApp:generateActualResourceCollectorsForAndroidMain UP-TO-DATE
> Task :composeApp:copyDebugComposeResourcesToAndroidAssets UP-TO-DATE
> Task :composeApp:packageDebugResources UP-TO-DATE
> Task :composeApp:processDebugMainManifest UP-TO-DATE
> Task :composeApp:parseDebugLocalResources UP-TO-DATE
> Task :composeApp:processDebugManifest UP-TO-DATE
> Task :composeApp:processDebugManifestForPackage UP-TO-DATE
> Task :composeApp:processDebugResources UP-TO-DATE

> Task :composeApp:compileDebugKotlinAndroid FAILED
./gradlew : e: file:///C:/Users/gkhna/Android
StudioProjects/GLOBAL%20TRADE/composeApp/src/
commonMain/kotlin/com/mgacreative/globaltrade
/core/domain/consultancy/ConsultantService.kt
:21:38 Unresolved reference 'DatabaseError'.
At line:1 char:1
+ ./gradlew :composeApp:compileDebugKotlinAnd
roid > build_error.txt 2>& ...
+ ~~~~~~~~~~~~~~~~~~~~~~~~~~~~~~~~~~~~~~~~~~~
~~~~~~~~~~~~~~~~~~~~~~~~~~
    + CategoryInfo          : NotSpecified:  
   (e: file:///C:/U...DatabaseError'.:Strin  
  g) [], RemoteException
    + FullyQualifiedErrorId : NativeCommandE 
   rror
 
e: file:///C:/Users/gkhna/AndroidStudioProjec
ts/GLOBAL%20TRADE/composeApp/src/commonMain/k
otlin/com/mgacreative/globaltrade/core/domain
/consultancy/ConsultantService.kt:30:38 Unres
olved reference 'DatabaseError'.
e: file:///C:/Users/gkhna/AndroidStudioProjec
ts/GLOBAL%20TRADE/composeApp/src/commonMain/k
otlin/com/mgacreative/globaltrade/core/domain
/consultancy/ConsultantService.kt:39:38 Unres
olved reference 'DatabaseError'.
e: file:///C:/Users/gkhna/AndroidStudioProjec
ts/GLOBAL%20TRADE/composeApp/src/commonMain/k
otlin/com/mgacreative/globaltrade/core/domain
/consultancy/ConsultantService.kt:48:38 Unres
olved reference 'DatabaseError'.

FAILURE: Build failed with an exception.

* What went wrong:
Execution failed for task ':composeApp:compil
eDebugKotlinAndroid'.
> A failure occurred while executing org.jetb
rains.kotlin.compilerRunner.GradleCompilerRun
nerWithWorkers$GradleKotlinCompilerWorkAction
   > Compilation error. See log for more deta
ils

* Try:
> Run with --stacktrace option to get the sta
ck trace.
> Run with --info or --debug option to get mo
re log output.
> Run with --scan to get full insights.
> Get more help at https://help.gradle.org.

BUILD FAILED in 5s
24 actionable tasks: 2 executed, 22 up-to-date
Configuration cache entry reused.
